# JRE version: Java(TM) SE Runtime Environment (8.0_191-b12) (build 1.8.0_191-b12)
# Java VM: Java HotSpot(TM) 64-Bit Server VM (25.191-b12 mixed mode linux-amd64 compressed oops)
Heap:
 PSYoungGen      total 807424K, used 1811K [0x0000000780000000, 0x00000007b2a00000, 0x00000007c0000000)
  eden space 785408K, 0% used [0x0000000780000000,0x0000000780000000,0x00000007aff00000)
  from space 22016K, 8% used [0x00000007aff00000,0x00000007b00c4f20,0x00000007b1480000)
  to   space 17408K, 0% used [0x00000007b1900000,0x00000007b1900000,0x00000007b2a00000)
 ParOldGen       total 187904K, used 157642K [0x0000000700000000, 0x000000070b780000, 0x0000000780000000)
  object space 187904K, 83% used [0x0000000700000000,0x00000007099f2890,0x000000070b780000)
 Metaspace       used 117870K, capacity 121668K, committed 121972K, reserved 1155072K
  class space    used 15458K, capacity 16345K, committed 16500K, reserved 1048576K
GC Heap History (10 events):
Event: 13806.551 GC heap after
Heap after GC invocations=97 (full 5):
 PSYoungGen      total 614400K, used 11995K [0x0000000780000000, 0x00000007a7480000, 0x00000007c0000000)
  eden space 592384K, 0% used [0x0000000780000000,0x0000000780000000,0x00000007a4280000)
  from space 22016K, 54% used [0x00000007a5f00000,0x00000007a6ab6d60,0x00000007a7480000)
  to   space 25600K, 0% used [0x00000007a4280000,0x00000007a4280000,0x00000007a5b80000)
 ParOldGen       total 187904K, used 150573K [0x0000000700000000, 0x000000070b780000, 0x0000000780000000)
  object space 187904K, 80% used [0x0000000700000000,0x000000070930b600,0x000000070b780000)
 Metaspace       used 117745K, capacity 121592K, committed 121972K, reserved 1155072K
  class space    used 15450K, capacity 16345K, committed 16500K, reserved 1048576K
}
Event: 13815.089 GC heap before
{Heap before GC invocations=98 (full 5):
 PSYoungGen      total 614400K, used 604379K [0x0000000780000000, 0x00000007a7480000, 0x00000007c0000000)
  eden space 592384K, 100% used [0x0000000780000000,0x00000007a4280000,0x00000007a4280000)
  from space 22016K, 54% used [0x00000007a5f00000,0x00000007a6ab6d60,0x00000007a7480000)
  to   space 25600K, 0% used [0x00000007a4280000,0x00000007a4280000,0x00000007a5b80000)
 ParOldGen       total 187904K, used 150573K [0x0000000700000000, 0x000000070b780000, 0x0000000780000000)
  object space 187904K, 80% used [0x0000000700000000,0x000000070930b600,0x000000070b780000)
 Metaspace       used 117754K, capacity 121592K, committed 121972K, reserved 1155072K
  class space    used 15450K, capacity 16345K, committed 16500K, reserved 1048576K
Event: 13815.652 GC heap after
Heap after GC invocations=98 (full 5):
 PSYoungGen      total 617984K, used 10112K [0x0000000780000000, 0x00000007ad000000, 0x00000007c0000000)
  eden space 592384K, 0% used [0x0000000780000000,0x0000000780000000,0x00000007a4280000)
  from space 25600K, 39% used [0x00000007a4280000,0x00000007a4c60010,0x00000007a5b80000)
  to   space 24064K, 0% used [0x00000007ab880000,0x00000007ab880000,0x00000007ad000000)
 ParOldGen       total 187904K, used 157194K [0x0000000700000000, 0x000000070b780000, 0x0000000780000000)
  object space 187904K, 83% used [0x0000000700000000,0x0000000709982890,0x000000070b780000)
 Metaspace       used 117754K, capacity 121592K, committed 121972K, reserved 1155072K
  class space    used 15450K, capacity 16345K, committed 16500K, reserved 1048576K
}
Event: 13840.988 GC heap before
{Heap before GC invocations=99 (full 5):
 PSYoungGen      total 617984K, used 602496K [0x0000000780000000, 0x00000007ad000000, 0x00000007c0000000)
  eden space 592384K, 100% used [0x0000000780000000,0x00000007a4280000,0x00000007a4280000)
  from space 25600K, 39% used [0x00000007a4280000,0x00000007a4c60010,0x00000007a5b80000)
  to   space 24064K, 0% used [0x00000007ab880000,0x00000007ab880000,0x00000007ad000000)
 ParOldGen       total 187904K, used 157194K [0x0000000700000000, 0x000000070b780000, 0x0000000780000000)
  object space 187904K, 83% used [0x0000000700000000,0x0000000709982890,0x000000070b780000)
 Metaspace       used 117827K, capacity 121656K, committed 121972K, reserved 1155072K
  class space    used 15456K, capacity 16345K, committed 16500K, reserved 1048576K
Event: 13841.261 GC heap after
Heap after GC invocations=99 (full 5):
 PSYoungGen      total 701952K, used 2452K [0x0000000780000000, 0x00000007aca80000, 0x00000007c0000000)
  eden space 683520K, 0% used [0x0000000780000000,0x0000000780000000,0x00000007a9b80000)
  from space 18432K, 13% used [0x00000007ab880000,0x00000007abae51b8,0x00000007aca80000)
  to   space 24064K, 0% used [0x00000007a9b80000,0x00000007a9b80000,0x00000007ab300000)
 ParOldGen       total 187904K, used 157554K [0x0000000700000000, 0x000000070b780000, 0x0000000780000000)
  object space 187904K, 83% used [0x0000000700000000,0x00000007099dc890,0x000000070b780000)
 Metaspace       used 117827K, capacity 121656K, committed 121972K, reserved 1155072K
  class space    used 15456K, capacity 16345K, committed 16500K, reserved 1048576K
}
Event: 13849.595 GC heap before
{Heap before GC invocations=100 (full 5):
 PSYoungGen      total 701952K, used 685972K [0x0000000780000000, 0x00000007aca80000, 0x00000007c0000000)
  eden space 683520K, 100% used [0x0000000780000000,0x00000007a9b80000,0x00000007a9b80000)
  from space 18432K, 13% used [0x00000007ab880000,0x00000007abae51b8,0x00000007aca80000)
  to   space 24064K, 0% used [0x00000007a9b80000,0x00000007a9b80000,0x00000007ab300000)
 ParOldGen       total 187904K, used 157554K [0x0000000700000000, 0x000000070b780000, 0x0000000780000000)
  object space 187904K, 83% used [0x0000000700000000,0x00000007099dc890,0x000000070b780000)
 Metaspace       used 117835K, capacity 121660K, committed 121972K, reserved 1155072K
  class space    used 15456K, capacity 16345K, committed 16500K, reserved 1048576K
Event: 13849.805 GC heap after
Heap after GC invocations=100 (full 5):
 PSYoungGen      total 707584K, used 4228K [0x0000000780000000, 0x00000007b2f80000, 0x00000007c0000000)
  eden space 683520K, 0% used [0x0000000780000000,0x0000000780000000,0x00000007a9b80000)
  from space 24064K, 17% used [0x00000007a9b80000,0x00000007a9fa1070,0x00000007ab300000)
  to   space 23040K, 0% used [0x00000007b1900000,0x00000007b1900000,0x00000007b2f80000)
 ParOldGen       total 187904K, used 157626K [0x0000000700000000, 0x000000070b780000, 0x0000000780000000)
  object space 187904K, 83% used [0x0000000700000000,0x00000007099ee890,0x000000070b780000)
 Metaspace       used 117835K, capacity 121660K, committed 121972K, reserved 1155072K
  class space    used 15456K, capacity 16345K, committed 16500K, reserved 1048576K
}
Event: 13857.738 GC heap before
{Heap before GC invocations=101 (full 5):
 PSYoungGen      total 707584K, used 687748K [0x0000000780000000, 0x00000007b2f80000, 0x00000007c0000000)
  eden space 683520K, 100% used [0x0000000780000000,0x00000007a9b80000,0x00000007a9b80000)
  from space 24064K, 17% used [0x00000007a9b80000,0x00000007a9fa1070,0x00000007ab300000)
  to   space 23040K, 0% used [0x00000007b1900000,0x00000007b1900000,0x00000007b2f80000)
 ParOldGen       total 187904K, used 157626K [0x0000000700000000, 0x000000070b780000, 0x0000000780000000)
  object space 187904K, 83% used [0x0000000700000000,0x00000007099ee890,0x000000070b780000)
 Metaspace       used 117854K, capacity 121660K, committed 121972K, reserved 1155072K
  class space    used 15457K, capacity 16345K, committed 16500K, reserved 1048576K
Event: 13857.823 GC heap after
Heap after GC invocations=101 (full 5):
 PSYoungGen      total 802816K, used 7103K [0x0000000780000000, 0x00000007b2a00000, 0x00000007c0000000)
  eden space 785408K, 0% used [0x0000000780000000,0x0000000780000000,0x00000007aff00000)
  from space 17408K, 40% used [0x00000007b1900000,0x00000007b1fefe88,0x00000007b2a00000)
  to   space 22016K, 0% used [0x00000007aff00000,0x00000007aff00000,0x00000007b1480000)
 ParOldGen       total 187904K, used 157634K [0x0000000700000000, 0x000000070b780000, 0x0000000780000000)
  object space 187904K, 83% used [0x0000000700000000,0x00000007099f0890,0x000000070b780000)
 Metaspace       used 117854K, capacity 121660K, committed 121972K, reserved 1155072K
  class space    used 15457K, capacity 16345K, committed 16500K, reserved 1048576K
}
Event: 13867.759 GC heap before
{Heap before GC invocations=102 (full 5):
 PSYoungGen      total 802816K, used 792511K [0x0000000780000000, 0x00000007b2a00000, 0x00000007c0000000)
  eden space 785408K, 100% used [0x0000000780000000,0x00000007aff00000,0x00000007aff00000)
  from space 17408K, 40% used [0x00000007b1900000,0x00000007b1fefe88,0x00000007b2a00000)
  to   space 22016K, 0% used [0x00000007aff00000,0x00000007aff00000,0x00000007b1480000)
 ParOldGen       total 187904K, used 157634K [0x0000000700000000, 0x000000070b780000, 0x0000000780000000)
  object space 187904K, 83% used [0x0000000700000000,0x00000007099f0890,0x000000070b780000)
 Metaspace       used 117870K, capacity 121668K, committed 121972K, reserved 1155072K
  class space    used 15458K, capacity 16345K, committed 16500K, reserved 1048576K

